This is pdfTeX, Version 3.1415926-1.40.10 (TeX Live 2009/Debian) (format=latex 2011.4.7)  7 JUN 2012 14:41
entering extended mode
 restricted \write18 enabled.
 %&-line parsing enabled.
**\nonstopmode\input posind_acl2012.tex
(./posind_acl2012.tex (/usr/share/texmf-texlive/tex/latex/base/article.cls
Document Class: article 2007/10/19 v1.4h Standard LaTeX document class
(/usr/share/texmf-texlive/tex/latex/base/size11.clo
File: size11.clo 2007/10/19 v1.4h Standard LaTeX file (size option)
)
\c@part=\count79
\c@section=\count80
\c@subsection=\count81
\c@subsubsection=\count82
\c@paragraph=\count83
\c@subparagraph=\count84
\c@figure=\count85
\c@table=\count86
\abovecaptionskip=\skip41
\belowcaptionskip=\skip42
\bibindent=\dimen102
) (./acl2012.sty
Conference Style for ACL 2005 -- released Octobe 11, 2004
\titlebox=\skip43
) (/usr/share/texmf-texlive/tex/latex/psnfss/times.sty
Package: times 2005/04/12 PSNFSS-v9.2a (SPQR) 
)
(/usr/share/texmf-texlive/tex/latex/base/latexsym.sty
Package: latexsym 1998/08/17 v2.2e Standard LaTeX package (lasy symbols)
\symlasy=\mathgroup4
LaTeX Font Info:    Overwriting symbol font `lasy' in version `bold'
(Font)                  U/lasy/m/n --> U/lasy/b/n on input line 47.
)
(/usr/share/texmf-texlive/tex/latex/amsmath/amsmath.sty
Package: amsmath 2000/07/18 v2.13 AMS math features
\@mathmargin=\skip44

For additional information on amsmath, use the `?' option.
(/usr/share/texmf-texlive/tex/latex/amsmath/amstext.sty
Package: amstext 2000/06/29 v2.01

(/usr/share/texmf-texlive/tex/latex/amsmath/amsgen.sty
File: amsgen.sty 1999/11/30 v2.0
\@emptytoks=\toks14
\ex@=\dimen103
))
(/usr/share/texmf-texlive/tex/latex/amsmath/amsbsy.sty
Package: amsbsy 1999/11/29 v1.2d
\pmbraise@=\dimen104
)
(/usr/share/texmf-texlive/tex/latex/amsmath/amsopn.sty
Package: amsopn 1999/12/14 v2.01 operator names
)
\inf@bad=\count87
LaTeX Info: Redefining \frac on input line 211.
\uproot@=\count88
\leftroot@=\count89
LaTeX Info: Redefining \overline on input line 307.
\classnum@=\count90
\DOTSCASE@=\count91
LaTeX Info: Redefining \ldots on input line 379.
LaTeX Info: Redefining \dots on input line 382.
LaTeX Info: Redefining \cdots on input line 467.
\Mathstrutbox@=\box26
\strutbox@=\box27
\big@size=\dimen105
LaTeX Font Info:    Redeclaring font encoding OML on input line 567.
LaTeX Font Info:    Redeclaring font encoding OMS on input line 568.
\macc@depth=\count92
\c@MaxMatrixCols=\count93
\dotsspace@=\muskip10
\c@parentequation=\count94
\dspbrk@lvl=\count95
\tag@help=\toks15
\row@=\count96
\column@=\count97
\maxfields@=\count98
\andhelp@=\toks16
\eqnshift@=\dimen106
\alignsep@=\dimen107
\tagshift@=\dimen108
\tagwidth@=\dimen109
\totwidth@=\dimen110
\lineht@=\dimen111
\@envbody=\toks17
\multlinegap=\skip45
\multlinetaggap=\skip46
\mathdisplay@stack=\toks18
LaTeX Info: Redefining \[ on input line 2666.
LaTeX Info: Redefining \] on input line 2667.
)
(/usr/share/texmf-texlive/tex/latex/multirow/multirow.sty
\bigstrutjot=\dimen112
)
(/usr/share/texmf-texlive/tex/latex/ltxmisc/url.sty
\Urlmuskip=\muskip11
Package: url 2006/04/12  ver 3.3  Verb mode for urls, etc.
)
(/usr/share/texmf-texlive/tex/latex/graphics/graphicx.sty
Package: graphicx 1999/02/16 v1.0f Enhanced LaTeX Graphics (DPC,SPQR)

(/usr/share/texmf-texlive/tex/latex/graphics/keyval.sty
Package: keyval 1999/03/16 v1.13 key=value parser (DPC)
\KV@toks@=\toks19
)
(/usr/share/texmf-texlive/tex/latex/graphics/graphics.sty
Package: graphics 2009/02/05 v1.0o Standard LaTeX Graphics (DPC,SPQR)

(/usr/share/texmf-texlive/tex/latex/graphics/trig.sty
Package: trig 1999/03/16 v1.09 sin cos tan (DPC)
)
(/etc/texmf/tex/latex/config/graphics.cfg
File: graphics.cfg 2009/08/28 v1.8 graphics configuration of TeX Live
)
Package graphics Info: Driver file: dvips.def on input line 91.

(/usr/share/texmf-texlive/tex/latex/graphics/dvips.def
File: dvips.def 1999/02/16 v3.0i Driver-dependant file (DPC,SPQR)
))
\Gin@req@height=\dimen113
\Gin@req@width=\dimen114
)
(/usr/share/texmf-texlive/tex/latex/pstricks/pstricks.sty
Package: pstricks 2008/11/26 v0.40 LaTeX wrapper for `PSTricks' (RN,HV)

(/usr/share/texmf-texlive/tex/generic/pstricks/pstricks.tex
`PSTricks' v1.29  <2009/05/19> (tvz)
\pst@dima=\dimen115
\pst@dimb=\dimen116
\pst@dimc=\dimen117
\pst@dimd=\dimen118
\pst@dimg=\dimen119
\pst@dimh=\dimen120
\pst@hbox=\box28
\pst@boxg=\box29
\pst@cnta=\count99
\pst@cntb=\count100
\pst@cntc=\count101
\pst@cntd=\count102
\pst@cntg=\count103
\pst@cnth=\count104
\pst@toks=\toks20
(/usr/share/texmf-texlive/tex/generic/pstricks/pstricks.con)
\psunit=\dimen121
\psxunit=\dimen122
\psyunit=\dimen123
\pslinewidth=\dimen124
\pst@customdefs=\toks21
\pslinearc=\dimen125
\everypsbox=\toks22
\psframesep=\dimen126
\pslabelsep=\dimen127
\pst@shift=\dimen128
\theoverlaybox=\box30
)
File: pstricks.tex 2009/05/19 v1.29 `PSTricks' (tvz,hv)

(/usr/share/texmf/tex/latex/xcolor/xcolor.sty
Package: xcolor 2007/01/21 v2.11 LaTeX color extensions (UK)

(/etc/texmf/tex/latex/config/color.cfg
File: color.cfg 2007/01/18 v1.5 color configuration of teTeX/TeXLive
)
Package xcolor Info: Package option `usenames' ignored on input line 216.
Package xcolor Info: Driver file: dvips.def on input line 225.
Package xcolor Info: Model `cmy' substituted by `cmy0' on input line 1337.
Package xcolor Info: Model `RGB' extended on input line 1353.
Package xcolor Info: Model `HTML' substituted by `rgb' on input line 1355.
Package xcolor Info: Model `Hsb' substituted by `hsb' on input line 1356.
Package xcolor Info: Model `tHsb' substituted by `hsb' on input line 1357.
Package xcolor Info: Model `HSB' substituted by `hsb' on input line 1358.
Package xcolor Info: Model `Gray' substituted by `gray' on input line 1359.
Package xcolor Info: Model `wave' substituted by `hsb' on input line 1360.

(/usr/share/texmf-texlive/tex/latex/graphics/dvipsnam.def
File: dvipsnam.def 1999/02/16 v3.0i Driver-dependant file (DPC,SPQR)
)))
(/usr/share/texmf-texlive/tex/latex/graphics/epsfig.sty
Package: epsfig 1999/02/16 v1.7a (e)psfig emulation (SPQR)
\epsfxsize=\dimen129
\epsfysize=\dimen130
) (./posind_acl2012.aux)
\openout1 = `posind_acl2012.aux'.

LaTeX Font Info:    Checking defaults for OML/cmm/m/it on input line 37.
LaTeX Font Info:    ... okay on input line 37.
LaTeX Font Info:    Checking defaults for T1/cmr/m/n on input line 37.
LaTeX Font Info:    ... okay on input line 37.
LaTeX Font Info:    Checking defaults for OT1/cmr/m/n on input line 37.
LaTeX Font Info:    ... okay on input line 37.
LaTeX Font Info:    Checking defaults for OMS/cmsy/m/n on input line 37.
LaTeX Font Info:    ... okay on input line 37.
LaTeX Font Info:    Checking defaults for OMX/cmex/m/n on input line 37.
LaTeX Font Info:    ... okay on input line 37.
LaTeX Font Info:    Checking defaults for U/cmr/m/n on input line 37.
LaTeX Font Info:    ... okay on input line 37.
LaTeX Font Info:    Try loading font information for OT1+ptm on input line 37.
(/usr/share/texmf-texlive/tex/latex/psnfss/ot1ptm.fd
File: ot1ptm.fd 2001/06/04 font definitions for OT1/ptm.
)
LaTeX Font Info:    Font shape `OT1/ptm/bx/n' in size <14.4> not available
(Font)              Font shape `OT1/ptm/b/n' tried instead on input line 38.
LaTeX Font Info:    Try loading font information for U+lasy on input line 38.

(/usr/share/texmf-texlive/tex/latex/base/ulasy.fd
File: ulasy.fd 1998/08/17 v2.2e LaTeX symbol font definitions
)
LaTeX Font Info:    Font shape `OT1/ptm/bx/n' in size <12> not available
(Font)              Font shape `OT1/ptm/b/n' tried instead on input line 38.
LaTeX Font Info:    Try loading font information for OT1+pcr on input line 38.

(/usr/share/texmf-texlive/tex/latex/psnfss/ot1pcr.fd
File: ot1pcr.fd 2001/06/04 font definitions for OT1/pcr.
) (./abstract.tex)
(./introduction.tex
Underfull \hbox (badness 1297) in paragraph at lines 31--39
[]\OT1/ptm/m/n/10.95 Relationships be-tween lin-guis-tic units can be
 []

(./paradigmatic.tex
LaTeX Font Info:    Try loading font information for T1+ptm on input line 34.
 (/usr/share/texmf-texlive/tex/latex/psnfss/t1ptm.fd
File: t1ptm.fd 2001/06/04 font definitions for T1/ptm.
)
LaTeX Font Info:    Try loading font information for T1+pcr on input line 34.

(/usr/share/texmf-texlive/tex/latex/psnfss/t1pcr.fd
File: t1pcr.fd 2001/06/04 font definitions for T1/pcr.
)) [1




]) (./related.tex
Underfull \hbox (badness 2922) in paragraph at lines 4--10
\OT1/ptm/m/n/10.95 There are sev-eral good re-views of al-go-rithms
 []


Underfull \hbox (badness 10000) in paragraph at lines 4--10
\OT1/ptm/m/n/10.95 for un-su-per-vised part-of-speech in-duc-tion
 []

LaTeX Font Info:    Font shape `OT1/ptm/bx/n' in size <10.95> not available
(Font)              Font shape `OT1/ptm/b/n' tried instead on input line 25.
[2]
Underfull \hbox (badness 1173) in paragraph at lines 62--89
 \OT1/ptm/b/n/10.95 HMMs and dis-tri-bu-tion spar-sity: \OT1/ptm/m/n/10.95 The 
pro-to-
 []


Underfull \hbox (badness 1436) in paragraph at lines 62--89
\OT1/ptm/m/n/10.95 typ-i-cal bitag HMM model max-i-mizes the like-
 []


Underfull \hbox (badness 5245) in paragraph at lines 62--89
\OT1/ptm/m/n/10.95 li-hood of the cor-pus $\OML/cmm/m/it/10.95 w[] [] w[]$ \OT1
/ptm/m/n/10.95 ex-pressed as
 []


Underfull \hbox (badness 1092) in paragraph at lines 62--89
\OML/cmm/m/it/10.95 P\OT1/cmr/m/n/10.95 (\OML/cmm/m/it/10.95 w[]\OMS/cmsy/m/n/1
0.95 j\OML/cmm/m/it/10.95 c[]\OT1/cmr/m/n/10.95 ) [][] \OML/cmm/m/it/10.95 P\OT
1/cmr/m/n/10.95 (\OML/cmm/m/it/10.95 w[]\OMS/cmsy/m/n/10.95 j\OML/cmm/m/it/10.9
5 c[]\OT1/cmr/m/n/10.95 )\OML/cmm/m/it/10.95 P\OT1/cmr/m/n/10.95 (\OML/cmm/m/it
/10.95 c[]\OMS/cmsy/m/n/10.95 j\OML/cmm/m/it/10.95 c[]\OT1/cmr/m/n/10.95 )$ \OT
1/ptm/m/n/10.95 where $\OML/cmm/m/it/10.95 w[]$ \OT1/ptm/m/n/10.95 are
 []

[3]) (./substitute.tex
Underfull \hbox (badness 5847) in paragraph at lines 49--58
\OT1/ptm/m/n/10.95 where $\OML/cmm/m/it/10.95 w[]$ \OT1/ptm/m/n/10.95 rep-re-se
nts the se-quence of words
 []


LaTeX Warning: `h' float specifier changed to `ht'.

) (./distance.tex [4]
Overfull \hbox (8.54327pt too wide) in paragraph at lines 14--26
 [][] 
 []

) (./dimension.tex [5]
File: baseline_graph_mono.eps Graphic file (type eps)
 <baseline_graph_mono.eps>
Overfull \hbox (7.22688pt too wide) in paragraph at lines 39--41
[][] 
 []

) (./clustering.tex
File: clustering_graph_mono.eps Graphic file (type eps)
 <clustering_graph_mono.eps>
Overfull \hbox (7.22688pt too wide) in paragraph at lines 22--24
[][] 
 []

[6]) (./sparsity.tex
File: hinton.eps Graphic file (type eps)
 <hinton.eps>) (./discussion.tex [7]) (./contribution.tex
Underfull \vbox (badness 7397) has occurred while \output is active []

)
(./posind_acl2012.bbl
Underfull \vbox (badness 5260) has occurred while \output is active []

 [8]
Underfull \hbox (badness 2134) in paragraph at lines 4--8
\OT1/ptm/m/it/10 Ac-qui-si-tion: Con-trast-ing The-o-ret-i-cal Ap-proaches\OT1/
ptm/m/n/10 ,
 []


Underfull \hbox (badness 1314) in paragraph at lines 68--74
[]\OT1/ptm/m/n/10 Christos Christodoulopou-los, Sharon Gold-wa-ter, and
 []

[9]
Underfull \hbox (badness 2351) in paragraph at lines 200--204
[]\OT1/ptm/m/n/10 Mitchell P. Mar-cus, Beat-rice San-torini, Mary Ann
 []

) [10

] (./posind_acl2012.aux)

LaTeX Warning: Label(s) may have changed. Rerun to get cross-references right.

 ) 
Here is how much of TeX's memory you used:
 3060 strings out of 495062
 36675 string characters out of 1182645
 117291 words of memory out of 3000000
 6158 multiletter control sequences out of 15000+50000
 22145 words of font info for 68 fonts, out of 3000000 for 9000
 28 hyphenation exceptions out of 8191
 30i,11n,37p,252b,275s stack positions out of 5000i,500n,10000p,200000b,50000s

Output written on posind_acl2012.dvi (10 pages, 62476 bytes).
